<?xml version="1.0" encoding="UTF-8"?>
<testsuite xmlns:xsi="http://www.w3.org/2001/XMLSchema-instance" xsi:noNamespaceSchemaLocation="https://maven.apache.org/surefire/maven-surefire-plugin/xsd/surefire-test-report-3.0.xsd" version="3.0" name="timeMaster.EmployeeTest" time="0.01" tests="4" errors="0" skipped="0" failures="0">
  <properties>
    <property name="java.specification.version" value="17"/>
    <property name="sun.jnu.encoding" value="UTF-8"/>
    <property name="java.class.path" value="/Users/magnusbyrkjeland/NTNU/gitProjects/IT1901/gr2227/time-master/target/test-classes:/Users/magnusbyrkjeland/.m2/repository/org/openjfx/javafx-controls/19/javafx-controls-19.jar:/Users/magnusbyrkjeland/.m2/repository/org/openjfx/javafx-graphics/19/javafx-graphics-19.jar:/Users/magnusbyrkjeland/.m2/repository/org/openjfx/javafx-base/19/javafx-base-19.jar:/Users/magnusbyrkjeland/.m2/repository/org/openjfx/javafx-fxml/19/javafx-fxml-19.jar:/Users/magnusbyrkjeland/.m2/repository/org/junit/jupiter/junit-jupiter-api/5.9.0/junit-jupiter-api-5.9.0.jar:/Users/magnusbyrkjeland/.m2/repository/org/opentest4j/opentest4j/1.2.0/opentest4j-1.2.0.jar:/Users/magnusbyrkjeland/.m2/repository/org/junit/platform/junit-platform-commons/1.9.0/junit-platform-commons-1.9.0.jar:/Users/magnusbyrkjeland/.m2/repository/org/apiguardian/apiguardian-api/1.1.2/apiguardian-api-1.1.2.jar:"/>
    <property name="java.vm.vendor" value="Eclipse Adoptium"/>
    <property name="sun.arch.data.model" value="64"/>
    <property name="java.vendor.url" value="https://adoptium.net/"/>
    <property name="os.name" value="Mac OS X"/>
    <property name="java.vm.specification.version" value="17"/>
    <property name="sun.java.launcher" value="SUN_STANDARD"/>
    <property name="user.country" value="NO"/>
    <property name="sun.boot.library.path" value="/Users/magnusbyrkjeland/.sdkman/candidates/java/17.0.4-tem/lib"/>
    <property name="sun.java.command" value="org.apache.maven.surefire.booter.ForkedBooter /Users/magnusbyrkjeland/NTNU/gitProjects/IT1901/gr2227/time-master/target/surefire 2022-09-22T22-15-05_549-jvmRun1 surefire8956639212284900548tmp surefire_014490375581759673378tmp"/>
    <property name="http.nonProxyHosts" value="local|*.local|169.254/16|*.169.254/16"/>
    <property name="jdk.debug" value="release"/>
    <property name="surefire.test.class.path" value="/Users/magnusbyrkjeland/NTNU/gitProjects/IT1901/gr2227/time-master/target/test-classes:/Users/magnusbyrkjeland/.m2/repository/org/openjfx/javafx-controls/19/javafx-controls-19.jar:/Users/magnusbyrkjeland/.m2/repository/org/openjfx/javafx-graphics/19/javafx-graphics-19.jar:/Users/magnusbyrkjeland/.m2/repository/org/openjfx/javafx-base/19/javafx-base-19.jar:/Users/magnusbyrkjeland/.m2/repository/org/openjfx/javafx-fxml/19/javafx-fxml-19.jar:/Users/magnusbyrkjeland/.m2/repository/org/junit/jupiter/junit-jupiter-api/5.9.0/junit-jupiter-api-5.9.0.jar:/Users/magnusbyrkjeland/.m2/repository/org/opentest4j/opentest4j/1.2.0/opentest4j-1.2.0.jar:/Users/magnusbyrkjeland/.m2/repository/org/junit/platform/junit-platform-commons/1.9.0/junit-platform-commons-1.9.0.jar:/Users/magnusbyrkjeland/.m2/repository/org/apiguardian/apiguardian-api/1.1.2/apiguardian-api-1.1.2.jar:"/>
    <property name="sun.cpu.endian" value="little"/>
    <property name="user.home" value="/Users/magnusbyrkjeland"/>
    <property name="user.language" value="en"/>
    <property name="java.specification.vendor" value="Oracle Corporation"/>
    <property name="jdk.module.path" value="/Users/magnusbyrkjeland/NTNU/gitProjects/IT1901/gr2227/time-master/target/classes:/Users/magnusbyrkjeland/.m2/repository/org/openjfx/javafx-controls/19/javafx-controls-19-mac-aarch64.jar:/Users/magnusbyrkjeland/.m2/repository/org/openjfx/javafx-graphics/19/javafx-graphics-19-mac-aarch64.jar:/Users/magnusbyrkjeland/.m2/repository/org/openjfx/javafx-base/19/javafx-base-19-mac-aarch64.jar:/Users/magnusbyrkjeland/.m2/repository/org/openjfx/javafx-fxml/19/javafx-fxml-19-mac-aarch64.jar"/>
    <property name="java.version.date" value="2022-07-19"/>
    <property name="java.home" value="/Users/magnusbyrkjeland/.sdkman/candidates/java/17.0.4-tem"/>
    <property name="file.separator" value="/"/>
    <property name="basedir" value="/Users/magnusbyrkjeland/NTNU/gitProjects/IT1901/gr2227/time-master"/>
    <property name="java.vm.compressedOopsMode" value="Zero based"/>
    <property name="line.separator" value="&#10;"/>
    <property name="java.vm.specification.vendor" value="Oracle Corporation"/>
    <property name="java.specification.name" value="Java Platform API Specification"/>
    <property name="surefire.real.class.path" value="/Users/magnusbyrkjeland/.m2/repository/org/apache/maven/surefire/surefire-booter/3.0.0-M5/surefire-booter-3.0.0-M5.jar:/Users/magnusbyrkjeland/.m2/repository/org/apache/maven/surefire/surefire-api/3.0.0-M5/surefire-api-3.0.0-M5.jar:/Users/magnusbyrkjeland/.m2/repository/org/apache/maven/surefire/surefire-logger-api/3.0.0-M5/surefire-logger-api-3.0.0-M5.jar:/Users/magnusbyrkjeland/.m2/repository/org/apache/maven/surefire/surefire-shared-utils/3.0.0-M4/surefire-shared-utils-3.0.0-M4.jar:/Users/magnusbyrkjeland/.m2/repository/org/apache/maven/surefire/surefire-extensions-spi/3.0.0-M5/surefire-extensions-spi-3.0.0-M5.jar:/Users/magnusbyrkjeland/NTNU/gitProjects/IT1901/gr2227/time-master/target/test-classes:/Users/magnusbyrkjeland/.m2/repository/org/openjfx/javafx-controls/19/javafx-controls-19.jar:/Users/magnusbyrkjeland/.m2/repository/org/openjfx/javafx-graphics/19/javafx-graphics-19.jar:/Users/magnusbyrkjeland/.m2/repository/org/openjfx/javafx-base/19/javafx-base-19.jar:/Users/magnusbyrkjeland/.m2/repository/org/openjfx/javafx-fxml/19/javafx-fxml-19.jar:/Users/magnusbyrkjeland/.m2/repository/org/junit/jupiter/junit-jupiter-api/5.9.0/junit-jupiter-api-5.9.0.jar:/Users/magnusbyrkjeland/.m2/repository/org/opentest4j/opentest4j/1.2.0/opentest4j-1.2.0.jar:/Users/magnusbyrkjeland/.m2/repository/org/junit/platform/junit-platform-commons/1.9.0/junit-platform-commons-1.9.0.jar:/Users/magnusbyrkjeland/.m2/repository/org/apiguardian/apiguardian-api/1.1.2/apiguardian-api-1.1.2.jar:/Users/magnusbyrkjeland/.m2/repository/org/apache/maven/surefire/surefire-junit-platform/3.0.0-M5/surefire-junit-platform-3.0.0-M5.jar:/Users/magnusbyrkjeland/.m2/repository/org/apache/maven/surefire/common-java5/3.0.0-M5/common-java5-3.0.0-M5.jar:/Users/magnusbyrkjeland/.m2/repository/org/junit/platform/junit-platform-launcher/1.9.0/junit-platform-launcher-1.9.0.jar:/Users/magnusbyrkjeland/.m2/repository/org/junit/platform/junit-platform-engine/1.9.0/junit-platform-engine-1.9.0.jar:/Users/magnusbyrkjeland/.m2/repository/org/junit/jupiter/junit-jupiter-engine/5.9.0/junit-jupiter-engine-5.9.0.jar"/>
    <property name="sun.management.compiler" value="HotSpot 64-Bit Tiered Compilers"/>
    <property name="ftp.nonProxyHosts" value="local|*.local|169.254/16|*.169.254/16"/>
    <property name="java.runtime.version" value="17.0.4+8"/>
    <property name="user.name" value="magnusbyrkjeland"/>
    <property name="path.separator" value=":"/>
    <property name="os.version" value="12.6"/>
    <property name="java.runtime.name" value="OpenJDK Runtime Environment"/>
    <property name="file.encoding" value="UTF-8"/>
    <property name="java.vm.name" value="OpenJDK 64-Bit Server VM"/>
    <property name="java.vendor.version" value="Temurin-17.0.4+8"/>
    <property name="localRepository" value="/Users/magnusbyrkjeland/.m2/repository"/>
    <property name="java.vendor.url.bug" value="https://github.com/adoptium/adoptium-support/issues"/>
    <property name="java.io.tmpdir" value="/var/folders/vq/1r62mkln1rqdv9t7tt0c7m8c0000gn/T/"/>
    <property name="java.version" value="17.0.4"/>
    <property name="user.dir" value="/Users/magnusbyrkjeland/NTNU/gitProjects/IT1901/gr2227/time-master"/>
    <property name="os.arch" value="aarch64"/>
    <property name="java.vm.specification.name" value="Java Virtual Machine Specification"/>
    <property name="native.encoding" value="UTF-8"/>
    <property name="java.library.path" value="/Users/magnusbyrkjeland/Library/Java/Extensions:/Library/Java/Extensions:/Network/Library/Java/Extensions:/System/Library/Java/Extensions:/usr/lib/java:."/>
    <property name="java.vm.info" value="mixed mode"/>
    <property name="java.vendor" value="Eclipse Adoptium"/>
    <property name="java.vm.version" value="17.0.4+8"/>
    <property name="sun.io.unicode.encoding" value="UnicodeBig"/>
    <property name="socksNonProxyHosts" value="local|*.local|169.254/16|*.169.254/16"/>
    <property name="java.class.version" value="61.0"/>
  </properties>
  <testcase name="idTest" classname="timeMaster.EmployeeTest" time="0.001"/>
  <testcase name="addWorkdaysTest" classname="timeMaster.EmployeeTest" time="0.001"/>
  <testcase name="addDuplicateWorkdayTest" classname="timeMaster.EmployeeTest" time="0.003"/>
  <testcase name="nameTest" classname="timeMaster.EmployeeTest" time="0"/>
</testsuite>